c:\users\liuhong2\documents\visual studio 2019\projects\cuda_array_sum\section14\x64\release\vc142.pdb
c:\users\liuhong2\documents\visual studio 2019\projects\cuda_array_sum\section14\x64\release\common.obj
x64\release\cuda_common.cu.obj
x64\release\kernel.cu.obj
c:\users\liuhong2\documents\visual studio 2019\projects\cuda_array_sum\x64\release\gpu_summary.lib
c:\users\liuhong2\documents\visual studio 2019\projects\cuda_array_sum\x64\release\gpu_summary.exp
c:\users\liuhong2\documents\visual studio 2019\projects\cuda_array_sum\x64\release\gpu_summary.ipdb
c:\users\liuhong2\documents\visual studio 2019\projects\cuda_array_sum\x64\release\gpu_summary.iobj
c:\users\liuhong2\documents\visual studio 2019\projects\cuda_array_sum\x64\release\gpu_summary.exe
c:\users\liuhong2\documents\visual studio 2019\projects\cuda_array_sum\x64\release\gpu_summary.pdb
c:\users\liuhong2\documents\visual studio 2019\projects\cuda_array_sum\section14\x64\release\cuda_common.cu.cache
c:\users\liuhong2\documents\visual studio 2019\projects\cuda_array_sum\section14\x64\release\kernel.cu.cache
c:\users\liuhong2\documents\visual studio 2019\projects\cuda_array_sum\section14\x64\release\cuda_common.cu.obj
c:\users\liuhong2\documents\visual studio 2019\projects\cuda_array_sum\section14\x64\release\kernel.cu.obj
c:\users\liuhong2\documents\visual studio 2019\projects\cuda_array_sum\section14\x64\release\gpu_summary.tlog\cl.command.1.tlog
c:\users\liuhong2\documents\visual studio 2019\projects\cuda_array_sum\section14\x64\release\gpu_summary.tlog\cl.read.1.tlog
c:\users\liuhong2\documents\visual studio 2019\projects\cuda_array_sum\section14\x64\release\gpu_summary.tlog\cl.write.1.tlog
c:\users\liuhong2\documents\visual studio 2019\projects\cuda_array_sum\section14\x64\release\gpu_summary.tlog\cudacompile.read.1u.tlog
c:\users\liuhong2\documents\visual studio 2019\projects\cuda_array_sum\section14\x64\release\gpu_summary.tlog\cudacompile.write.1u.tlog
c:\users\liuhong2\documents\visual studio 2019\projects\cuda_array_sum\section14\x64\release\gpu_summary.tlog\gpu_summary.write.1u.tlog
c:\users\liuhong2\documents\visual studio 2019\projects\cuda_array_sum\section14\x64\release\gpu_summary.tlog\link.command.1.tlog
c:\users\liuhong2\documents\visual studio 2019\projects\cuda_array_sum\section14\x64\release\gpu_summary.tlog\link.read.1.tlog
c:\users\liuhong2\documents\visual studio 2019\projects\cuda_array_sum\section14\x64\release\gpu_summary.tlog\link.write.1.tlog
